<?xml version="1.0" encoding="UTF-8"?>
<!-- Generated by org.testng.reporters.JUnitReportReporter -->
<testsuite hostname="Mypc" name="pom.LoginTest_POM" tests="1" failures="0" timestamp="30 Jan 2019 01:56:22 GMT" time="43.463" errors="0">
  <testcase name="login" time="43.463" classname="pom.LoginTest_POM"/>
</testsuite> <!-- pom.LoginTest_POM -->
