<?xml version="1.0" encoding="UTF-8"?>
<!-- Generated by org.testng.reporters.JUnitReportReporter -->
<testsuite hostname="Mypc" name="testNG.BasicAnnoationsEg" tests="3" failures="0" timestamp="24 Jan 2019 02:08:53 GMT" time="0.064" errors="0">
  <testcase name="Function1" time="0.036" classname="testNG.BasicAnnoationsEg"/>
  <testcase name="Apple" time="0.013" classname="testNG.BasicAnnoationsEg"/>
  <testcase name="Function2" time="0.015" classname="testNG.BasicAnnoationsEg"/>
</testsuite> <!-- testNG.BasicAnnoationsEg -->
