<?xml version="1.0" encoding="UTF-8"?>
<!-- Generated by org.testng.reporters.JUnitReportReporter -->
<testsuite hostname="Mypc" name="testNG.EmpReg_TestNG" tests="3" failures="0" timestamp="25 Jan 2019 02:12:56 GMT" time="31.322" errors="0">
  <testcase name="Org_EmpReg" time="11.433" classname="testNG.EmpReg_TestNG"/>
  <testcase name="Org_EmpReg" time="10.324" classname="testNG.EmpReg_TestNG"/>
  <testcase name="Org_EmpReg" time="9.565" classname="testNG.EmpReg_TestNG"/>
</testsuite> <!-- testNG.EmpReg_TestNG -->
